c:\users\yangl\desktop\simulatorctl\simulatorctl\obj\debug\simulatorctl.obj
c:\users\yangl\desktop\simulatorctl\simulatorctl\obj\debug\qrc_simulatorctl.obj
c:\users\yangl\desktop\simulatorctl\simulatorctl\obj\debug\logsystem.obj
c:\users\yangl\desktop\simulatorctl\simulatorctl\obj\debug\moc_simulatorctl.obj
c:\users\yangl\desktop\simulatorctl\simulatorctl\obj\debug\networkmanager.obj
c:\users\yangl\desktop\simulatorctl\simulatorctl\obj\debug\moc_simulationplatform.obj
c:\users\yangl\desktop\simulatorctl\simulatorctl\obj\debug\simulationnetworkmanager.obj
c:\users\yangl\desktop\simulatorctl\simulatorctl\obj\debug\moc_udpsocketimp.obj
c:\users\yangl\desktop\simulatorctl\simulatorctl\obj\debug\simulationplatform.obj
c:\users\yangl\desktop\simulatorctl\simulatorctl\obj\debug\moc_sensingwidget.obj
c:\users\yangl\desktop\simulatorctl\simulatorctl\obj\debug\sensingwidget.obj
c:\users\yangl\desktop\simulatorctl\simulatorctl\obj\debug\moc_networkmanager.obj
c:\users\yangl\desktop\simulatorctl\simulatorctl\obj\debug\main.obj
c:\users\yangl\desktop\simulatorctl\simulatorctl\obj\debug\udpsocketimp.obj
c:\users\yangl\desktop\simulatorctl\simulatorctl\obj\debug\moc_simulationnetworkmanager.obj
c:\users\yangl\desktop\simulatorctl\simulatorctl\obj\debug\vc120.pdb
c:\users\yangl\desktop\simulatorctl\simulatorctl\bin\debug\simulatorctl.ilk
c:\users\yangl\desktop\simulatorctl\simulatorctl\bin\debug\simulatorctl.exe
c:\users\yangl\desktop\simulatorctl\simulatorctl\bin\debug\simulatorctl.pdb
c:\users\yangl\desktop\simulatorctl\simulatorctl\project\.\generatedfiles\debug\moc_simulatorctl.cpp
c:\users\yangl\desktop\simulatorctl\simulatorctl\project\.\generatedfiles\debug\moc_sensingwidget.cpp
c:\users\yangl\desktop\simulatorctl\simulatorctl\project\.\generatedfiles\debug\moc_udpsocketimp.cpp
c:\users\yangl\desktop\simulatorctl\simulatorctl\project\.\generatedfiles\debug\moc_simulationnetworkmanager.cpp
c:\users\yangl\desktop\simulatorctl\simulatorctl\project\.\generatedfiles\debug\moc_simulationplatform.cpp
c:\users\yangl\desktop\simulatorctl\simulatorctl\project\.\generatedfiles\debug\moc_networkmanager.cpp
c:\users\yangl\desktop\simulatorctl\simulatorctl\project\.\generatedfiles\qrc_simulatorctl.cpp
c:\users\yangl\desktop\simulatorctl\simulatorctl\project\.\generatedfiles\ui_sensingwidget.h
c:\users\yangl\desktop\simulatorctl\simulatorctl\project\.\generatedfiles\ui_simulatorctl.h
c:\users\yangl\desktop\simulatorctl\simulatorctl\project\generatedfiles\debug\moc_simulatorctl.cpp
c:\users\yangl\desktop\simulatorctl\simulatorctl\project\generatedfiles\debug\moc_sensingwidget.cpp
c:\users\yangl\desktop\simulatorctl\simulatorctl\project\generatedfiles\debug\moc_udpsocketimp.cpp
c:\users\yangl\desktop\simulatorctl\simulatorctl\project\generatedfiles\debug\moc_simulationnetworkmanager.cpp
c:\users\yangl\desktop\simulatorctl\simulatorctl\project\generatedfiles\debug\moc_simulationplatform.cpp
c:\users\yangl\desktop\simulatorctl\simulatorctl\project\generatedfiles\debug\moc_networkmanager.cpp
c:\users\yangl\desktop\simulatorctl\simulatorctl\project\generatedfiles\qrc_simulatorctl.cpp
c:\users\yangl\desktop\simulatorctl\simulatorctl\project\generatedfiles\ui_sensingwidget.h
c:\users\yangl\desktop\simulatorctl\simulatorctl\project\generatedfiles\ui_simulatorctl.h
c:\users\yangl\desktop\simulatorctl\simulatorctl\project\..\bin\debug\simulatorctl.pdb
c:\users\yangl\desktop\simulatorctl\simulatorctl\project\..\bin\debug\simulatorctl.exe
c:\users\yangl\desktop\simulatorctl\simulatorctl\project\..\bin\debug\simulatorctl.ilk
c:\users\yangl\desktop\simulatorctl\simulatorctl\obj\debug\simulatorctl.tlog\cl.command.1.tlog
c:\users\yangl\desktop\simulatorctl\simulatorctl\obj\debug\simulatorctl.tlog\cl.read.1.tlog
c:\users\yangl\desktop\simulatorctl\simulatorctl\obj\debug\simulatorctl.tlog\cl.write.1.tlog
c:\users\yangl\desktop\simulatorctl\simulatorctl\obj\debug\simulatorctl.tlog\link.command.1.tlog
c:\users\yangl\desktop\simulatorctl\simulatorctl\obj\debug\simulatorctl.tlog\link.read.1.tlog
c:\users\yangl\desktop\simulatorctl\simulatorctl\obj\debug\simulatorctl.tlog\link.write.1.tlog
c:\users\yangl\desktop\simulatorctl\simulatorctl\obj\debug\simulatorctl.tlog\qtmoc.read.1u.tlog
c:\users\yangl\desktop\simulatorctl\simulatorctl\obj\debug\simulatorctl.tlog\qtmoc.write.1u.tlog
c:\users\yangl\desktop\simulatorctl\simulatorctl\obj\debug\simulatorctl.tlog\qtrcc.read.1u.tlog
c:\users\yangl\desktop\simulatorctl\simulatorctl\obj\debug\simulatorctl.tlog\qtrcc.write.1u.tlog
c:\users\yangl\desktop\simulatorctl\simulatorctl\obj\debug\simulatorctl.tlog\qtuic.read.1u.tlog
c:\users\yangl\desktop\simulatorctl\simulatorctl\obj\debug\simulatorctl.tlog\qtuic.write.1u.tlog
c:\users\yangl\desktop\simulatorctl\simulatorctl\obj\debug\simulatorctl.tlog\simulatorctl.write.1u.tlog
