c:\users\lenovo\desktop\simulatorctl\simulatorctl\obj\release\sensingwidget.obj
c:\users\lenovo\desktop\simulatorctl\simulatorctl\obj\release\udpsocketimp.obj
c:\users\lenovo\desktop\simulatorctl\simulatorctl\obj\release\moc_udpsocketimp.obj
c:\users\lenovo\desktop\simulatorctl\simulatorctl\obj\release\networkmanager.obj
c:\users\lenovo\desktop\simulatorctl\simulatorctl\obj\release\simulatorctl.obj
c:\users\lenovo\desktop\simulatorctl\simulatorctl\obj\release\moc_simulationplatform.obj
c:\users\lenovo\desktop\simulatorctl\simulatorctl\obj\release\simulationnetworkmanager.obj
c:\users\lenovo\desktop\simulatorctl\simulatorctl\obj\release\simulationsendthread.obj
c:\users\lenovo\desktop\simulatorctl\simulatorctl\obj\release\moc_sensingwidget.obj
c:\users\lenovo\desktop\simulatorctl\simulatorctl\obj\release\moc_networkmanager.obj
c:\users\lenovo\desktop\simulatorctl\simulatorctl\obj\release\logsystem.obj
c:\users\lenovo\desktop\simulatorctl\simulatorctl\obj\release\simulationplatform.obj
c:\users\lenovo\desktop\simulatorctl\simulatorctl\obj\release\vector3d.obj
c:\users\lenovo\desktop\simulatorctl\simulatorctl\obj\release\moc_simulatorctl.obj
c:\users\lenovo\desktop\simulatorctl\simulatorctl\obj\release\qrc_simulatorctl.obj
c:\users\lenovo\desktop\simulatorctl\simulatorctl\obj\release\basicexcel.obj
c:\users\lenovo\desktop\simulatorctl\simulatorctl\obj\release\moc_simulationsendthread.obj
c:\users\lenovo\desktop\simulatorctl\simulatorctl\obj\release\main.obj
c:\users\lenovo\desktop\simulatorctl\simulatorctl\obj\release\moc_simulationnetworkmanager.obj
c:\users\lenovo\desktop\simulatorctl\simulatorctl\obj\release\vc120.pdb
c:\users\lenovo\desktop\simulatorctl\simulatorctl\bin\release\simulatorctl.exe
c:\users\lenovo\desktop\simulatorctl\simulatorctl\project\.\generatedfiles\release\moc_simulatorctl.cpp
c:\users\lenovo\desktop\simulatorctl\simulatorctl\project\.\generatedfiles\release\moc_sensingwidget.cpp
c:\users\lenovo\desktop\simulatorctl\simulatorctl\project\.\generatedfiles\release\moc_simulationsendthread.cpp
c:\users\lenovo\desktop\simulatorctl\simulatorctl\project\.\generatedfiles\release\moc_udpsocketimp.cpp
c:\users\lenovo\desktop\simulatorctl\simulatorctl\project\.\generatedfiles\release\moc_simulationnetworkmanager.cpp
c:\users\lenovo\desktop\simulatorctl\simulatorctl\project\.\generatedfiles\release\moc_simulationplatform.cpp
c:\users\lenovo\desktop\simulatorctl\simulatorctl\project\.\generatedfiles\release\moc_networkmanager.cpp
c:\users\lenovo\desktop\simulatorctl\simulatorctl\project\.\generatedfiles\qrc_simulatorctl.cpp
c:\users\lenovo\desktop\simulatorctl\simulatorctl\project\.\generatedfiles\ui_sensingwidget.h
c:\users\lenovo\desktop\simulatorctl\simulatorctl\project\.\generatedfiles\ui_simulatorctl.h
c:\users\lenovo\desktop\simulatorctl\simulatorctl\obj\release\simulatorctl.res
c:\users\lenovo\desktop\simulatorctl\simulatorctl\project\generatedfiles\release\moc_simulatorctl.cpp
c:\users\lenovo\desktop\simulatorctl\simulatorctl\project\generatedfiles\release\moc_sensingwidget.cpp
c:\users\lenovo\desktop\simulatorctl\simulatorctl\project\generatedfiles\release\moc_simulationsendthread.cpp
c:\users\lenovo\desktop\simulatorctl\simulatorctl\project\generatedfiles\release\moc_udpsocketimp.cpp
c:\users\lenovo\desktop\simulatorctl\simulatorctl\project\generatedfiles\release\moc_simulationnetworkmanager.cpp
c:\users\lenovo\desktop\simulatorctl\simulatorctl\project\generatedfiles\release\moc_simulationplatform.cpp
c:\users\lenovo\desktop\simulatorctl\simulatorctl\project\generatedfiles\release\moc_networkmanager.cpp
c:\users\lenovo\desktop\simulatorctl\simulatorctl\obj\release\basicexcelvc6.obj
c:\users\lenovo\desktop\simulatorctl\simulatorctl\project\..\bin\release\simulatorctl.exe
c:\users\lenovo\desktop\simulatorctl\simulatorctl\obj\release\simulatorctl.tlog\cl.command.1.tlog
c:\users\lenovo\desktop\simulatorctl\simulatorctl\obj\release\simulatorctl.tlog\cl.read.1.tlog
c:\users\lenovo\desktop\simulatorctl\simulatorctl\obj\release\simulatorctl.tlog\cl.write.1.tlog
c:\users\lenovo\desktop\simulatorctl\simulatorctl\obj\release\simulatorctl.tlog\link.command.1.tlog
c:\users\lenovo\desktop\simulatorctl\simulatorctl\obj\release\simulatorctl.tlog\link.read.1.tlog
c:\users\lenovo\desktop\simulatorctl\simulatorctl\obj\release\simulatorctl.tlog\link.write.1.tlog
c:\users\lenovo\desktop\simulatorctl\simulatorctl\obj\release\simulatorctl.tlog\qtmoc.read.1u.tlog
c:\users\lenovo\desktop\simulatorctl\simulatorctl\obj\release\simulatorctl.tlog\qtmoc.write.1u.tlog
c:\users\lenovo\desktop\simulatorctl\simulatorctl\obj\release\simulatorctl.tlog\qtrcc.read.1u.tlog
c:\users\lenovo\desktop\simulatorctl\simulatorctl\obj\release\simulatorctl.tlog\qtrcc.write.1u.tlog
c:\users\lenovo\desktop\simulatorctl\simulatorctl\obj\release\simulatorctl.tlog\qtuic.read.1u.tlog
c:\users\lenovo\desktop\simulatorctl\simulatorctl\obj\release\simulatorctl.tlog\qtuic.write.1u.tlog
c:\users\lenovo\desktop\simulatorctl\simulatorctl\obj\release\simulatorctl.tlog\rc.command.1.tlog
c:\users\lenovo\desktop\simulatorctl\simulatorctl\obj\release\simulatorctl.tlog\rc.read.1.tlog
c:\users\lenovo\desktop\simulatorctl\simulatorctl\obj\release\simulatorctl.tlog\rc.write.1.tlog
c:\users\lenovo\desktop\simulatorctl\simulatorctl\obj\release\simulatorctl.tlog\simulatorctl.write.1u.tlog
